<?xml version="1.0" encoding="UTF-8"?>
<!-- Generated by org.testng.reporters.JUnitXMLReporter -->
<testsuite ignored="0" hostname="DESKTOP-9MNIE8U" failures="0" tests="3" name="Functional Test" time="418.176" errors="0" timestamp="2023-06-16T14:23:09 IST">
  <testcase classname="BatchTesting.LoginAmazon" name="loginWithEmail" time="250.43"/>
  <testcase classname="BatchTesting.LoginAmazon" name="loginWithNumber" time="131.893"/>
  <testcase classname="BatchTesting.SignupAmazon" name="signup" time="35.661"/>
</testsuite> <!-- Functional Test -->
