<?xml version="1.0" encoding="UTF-8"?>
<!-- Generated by org.testng.reporters.JUnitXMLReporter -->
<testsuite ignored="0" hostname="DESKTOP-9MNIE8U" failures="0" tests="4" name="Sanity Tests" time="40.796" errors="0" timestamp="2023-06-16T14:23:50 IST">
  <testcase classname="BatchTesting.LoginFB" name="LoginWithEmail" time="14.751"/>
  <testcase classname="BatchTesting.LoginFB" name="LoginWithNumber" time="6.428"/>
  <testcase classname="BatchTesting.SignupFB" name="createFbAccountWithEmail" time="9.217"/>
  <testcase classname="BatchTesting.SignupFB" name="createFbAccountWithNo" time="10.386"/>
</testsuite> <!-- Sanity Tests -->
