<?xml version="1.0" encoding="UTF-8"?>
<!-- Generated by org.testng.reporters.JUnitXMLReporter -->
<testsuite ignored="5" hostname="DESKTOP-9MNIE8U" failures="0" tests="2" name="Grouping_Test" time="16.001" errors="0" timestamp="2023-06-16T16:11:02 IST">
  <testcase classname="GroupingTesting.SignupFB" name="createFbAccountWithNo" time="10.607"/>
  <testcase classname="GroupingTesting.LoginFB" name="LoginWithNumber" time="5.301"/>
  <testcase classname="GroupingTesting.SignupAmazon" name="signup" time="0.0">
    <ignored/>
  </testcase> <!-- signup -->
  <testcase classname="GroupingTesting.LoginFB" name="LoginWithEmail" time="0.0">
    <ignored/>
  </testcase> <!-- LoginWithEmail -->
  <testcase classname="GroupingTesting.LoginAmazon" name="loginWithNumber" time="0.0">
    <ignored/>
  </testcase> <!-- loginWithNumber -->
  <testcase classname="GroupingTesting.LoginAmazon" name="loginWithEmail" time="0.0">
    <ignored/>
  </testcase> <!-- loginWithEmail -->
  <testcase classname="GroupingTesting.SignupFB" name="createFbAccountWithEmail" time="0.0">
    <ignored/>
  </testcase> <!-- createFbAccountWithEmail -->
</testsuite> <!-- Grouping_Test -->
