<?xml version="1.0" encoding="UTF-8"?>
<testng-results ignored="0" total="1" passed="1" failed="0" skipped="0">
  <reporter-output>
  </reporter-output>
  <suite started-at="2023-06-17T17:44:50 IST" name="Default suite" finished-at="2023-06-17T17:45:59 IST" duration-ms="68329">
    <groups>
    </groups>
    <test started-at="2023-06-17T17:44:50 IST" name="Default test" finished-at="2023-06-17T17:45:59 IST" duration-ms="68329">
      <class name="Parallel_Testing.IncognitoMode">
        <test-method signature="mode()[pri:0, instance:Parallel_Testing.IncognitoMode@1e04fa0a]" started-at="2023-06-17T17:44:50 IST" name="mode" finished-at="2023-06-17T17:45:59 IST" duration-ms="68233" status="PASS">
          <reporter-output>
          </reporter-output>
        </test-method> <!-- mode -->
      </class> <!-- Parallel_Testing.IncognitoMode -->
    </test> <!-- Default test -->
  </suite> <!-- Default suite -->
</testng-results>
